<?xml version="1.0" encoding="utf-8"?><testsuites><testsuite errors="0" failures="1" hostname="4b031c3839e9" name="pytest" skipped="0" tests="12" time="5.430" timestamp="2021-01-21T20:41:31.786754"><testcase classname="tests.integration.test_approvals" file="tests/integration/test_approvals.py" line="7" name="test_put_approval" time="0.247" /><testcase classname="tests.integration.test_control_junit" file="tests/integration/test_control_junit.py" line="7" name="test_message_when_no_env_vars" time="0.056" /><testcase classname="tests.integration.test_control_junit" file="tests/integration/test_control_junit.py" line="13" name="test_message_when_CDB_TEST_RESULTS_DIR_defined" time="0.063"><failure message="approvaltests.approval_exception.ApprovalException: 'Approval Mismatch'">capsys = &lt;_pytest.capture.CaptureFixture object at 0x7fe2d2e52110&gt;

    def test_message_when_CDB_TEST_RESULTS_DIR_defined(capsys):
        env = {
            "CDB_TEST_RESULTS_DIR": "tests/integration/"
        }
    
        with cdb_dry_run(), AutoEnvVars(env), raises(docker.errors.DockerException):
            control_junit("tests/integration/test-pipefile.json")
    
&gt;       verify_approval(capsys, ["out"])

tests/integration/test_control_junit.py:22: 
_ _ _ _ _ _ _ _ _ _ _ _ _ _ _ _ _ _ _ _ _ _ _ _ _ _ _ _ _ _ _ _ _ _ _ _ _ _ _ _ _ _ _ _ _ _ _ _ _ _ _ _ _ _ _ _ _ _ _ _ _ _ _ _ _ _ _ _ _ _ _ _ _ _ _ _ _ _ _ _ _ _ _ _ _ _ _ _ _ _ _ _ _ _ _ _ _ _ _ _ _ _ _ _ _ _ _ _ _ _ _ _ _ _ _ _ _ _ _ _ _ _ _ _ _
tests/utils/verify_approval.py:36: in verify_approval
    verify(actual, PythonNativeReporter())
/usr/local/lib/python3.7/site-packages/approvaltests/approvals.py:74: in verify
    verify_with_namer(data, namer_to_use, reporter_to_use, encoding=encoding, errors=errors, newline=newline)
/usr/local/lib/python3.7/site-packages/approvaltests/approvals.py:113: in verify_with_namer
    verify_with_namer_and_writer(namer, writer, reporter)
_ _ _ _ _ _ _ _ _ _ _ _ _ _ _ _ _ _ _ _ _ _ _ _ _ _ _ _ _ _ _ _ _ _ _ _ _ _ _ _ _ _ _ _ _ _ _ _ _ _ _ _ _ _ _ _ _ _ _ _ _ _ _ _ _ _ _ _ _ _ _ _ _ _ _ _ _ _ _ _ _ _ _ _ _ _ _ _ _ _ _ _ _ _ _ _ _ _ _ _ _ _ _ _ _ _ _ _ _ _ _ _ _ _ _ _ _ _ _ _ _ _ _ _ _

namer = &lt;approvaltests.core.namer.StackFrameNamer object at 0x7fe2d2e6d850&gt;, writer = &lt;approvaltests.string_writer.StringWriter object at 0x7fe2d2e6dd90&gt;
reporter = &lt;approvaltests.reporters.python_native_reporter.PythonNativeReporter object at 0x7fe2d2e792d0&gt;

    def verify_with_namer_and_writer(namer, writer, reporter):
        approver = FileApprover()
        reporter = get_reporter(reporter)
        error = approver.verify(namer, writer, reporter)
        if error:
&gt;           raise ApprovalException(error)
E           approvaltests.approval_exception.ApprovalException: 'Approval Mismatch'

/usr/local/lib/python3.7/site-packages/approvaltests/approvals.py:121: ApprovalException</failure></testcase><testcase classname="tests.integration.test_http_503" file="tests/integration/test_http_503.py" line="9" name="test_503_exception_for_put_pipeline_main" time="0.136" /><testcase classname="tests.integration.test_http_503" file="tests/integration/test_http_503.py" line="27" name="test_503_exception_for_put_artifact_main" time="0.158" /><testcase classname="tests.integration.test_put_artifact" file="tests/integration/test_put_artifact.py" line="5" name="test_message_when_env_var_CDB_ARTIFACT_FILENAME_is_missing" time="0.065" /><testcase classname="tests.integration.test_put_artifact" file="tests/integration/test_put_artifact.py" line="12" name="test_message_when_env_var_CDB_ARTIFACT_SHA_is_UNDEFINED" time="0.060" /><testcase classname="tests.integration.test_put_artifact" file="tests/integration/test_put_artifact.py" line="23" name="test_message_when_env_var_CDB_ARTIFACT_SHA_is_not_defined" time="0.072" /><testcase classname="tests.integration.test_put_artifact_image" file="tests/integration/test_put_artifact_image.py" line="7" name="test_message_when_no_env_vars" time="0.013" /><testcase classname="tests.integration.test_put_evidence" file="tests/integration/test_put_evidence.py" line="7" name="test_message_when_no_env_vars" time="0.172" /><testcase classname="tests.integration.test_put_evidence" file="tests/integration/test_put_evidence.py" line="14" name="test_message_when_env_vars_defined" time="0.355" /><testcase classname="tests.integration.test_put_pipeline" file="tests/integration/test_put_pipeline.py" line="5" name="test_put_pipeline" time="0.163" /></testsuite></testsuites>